<?xml version="1.0" encoding="UTF-8"?>
<!-- Generated by org.testng.reporters.JUnitReportReporter -->
<testsuite hostname="NIKITA_PV" failures="0" tests="2" name="tests.WebSiteTest" time="45.662" errors="0" timestamp="2023-12-12T08:45:57 MSK" skipped="0">
  <testcase classname="tests.WebSiteTest" name="addToFavouriteTest" time="26.127"/>
  <testcase classname="tests.WebSiteTest" name="testCallBack" time="19.535"/>
</testsuite> <!-- tests.WebSiteTest -->
